Circuit: * C:\Users\Mariano\Desktop\maestria-repo\Gestion de energía\TP5\TP7.asc

Ignoring empty pin current: Ix(u1:5)
Direct Newton iteration failed to find .op point.  (Use ".option noopiter" to skip.)
Starting Gmin stepping
Gmin = 10
Gmin = 1.07374
Gmin = 0.115292
Gmin = 0.0123794
Gmin = 0.00132923
Gmin = 0.000142725
Gmin = 1.5325e-05
Gmin = 1.6455e-06
Gmin = 1.76685e-07
Gmin = 1.89714e-08
Gmin = 2.03704e-09
Gmin = 2.18725e-10
Gmin = 2.34854e-11
Gmin = 2.52173e-12
Gmin = 2.70769e-13
Gmin = 0
Gmin stepping succeeded in finding the operating point.

Semiconductor Device Operating Points:
                        --- Diodes ---
Name:    d:u2:4      d:u2:5      d:u2:1      d:u2:6      d:u2:2
Model:    u2:xu       u2:xd       u2:y        u2:y      u2:dbias
Id:     -1.30e-10   -5.03e-12   -3.53e-22    3.53e-22   -4.20e-07
Vd:     -1.30e+01   -5.03e-01   -3.53e-10    3.53e-10   -1.25e+01
Req:     1.00e-11    1.00e-11    1.00e-12    1.00e-12    1.00e-03
CAP:     0.00e+00    0.00e+00    0.00e+00    0.00e+00    0.00e+00

Name:    d:u2:3
Model:  u2:dbias
Id:     -4.20e-07
Vd:     -1.25e+01
Req:     1.00e-03
CAP:     0.00e+00

                        --- VDMOSFET Transistors ---
Name:        m:u2:1      m:u2:2
Model:        u2:n        u2:p
Id:          5.22e-03   -5.22e-03
Vgs:        -3.53e-10   -3.53e-10
Vds:         1.30e+01   -5.03e-01
Vth:        -2.95e-01    2.95e-01
Gm:          3.54e-02    3.54e-02
Gds:         0.00e+00    0.00e+00
Cgs:         0.00e+00    0.00e+00
Cgd:         0.00e+00    0.00e+00
Cbody:       0.00e+00    0.00e+00



Date: Fri May  9 16:17:16 2025
Total elapsed time: 0.129 seconds.

tnom = 27
temp = 27
method = trap
totiter = 425
traniter = 0
tranpoints = 0
accept = 0
rejected = 0
matrix size = 22
fillins = 15
solver = Normal
Avg thread counts: 3.3/0.0/7.3/3.3
Matrix Compiler1: 1.33 KB object code size
Matrix Compiler2: 1.82 KB object code size  0.5/0.5/[0.3]

